Arguments: 
  /opt/homebrew/Cellar/node/16.10.0/bin/node /opt/homebrew/Cellar/yarn/1.22.11/libexec/bin/yarn.js dev

PATH: 
  /Users/fukujuumakoto/workspace/python/kindle_fastapi_zissennyumon/fastapi-env/bin:/opt/homebrew/opt/rbenv/shims:/Users/fukujuumakoto/.rbenv/bin:/opt/homebrew/opt/rbenv/shims:/opt/homebrew/opt/rbenv/bin:/Library/Frameworks/Python.framework/Versions/3.9/bin:/opt/homebrew/bin:/opt/homebrew/sbin:/usr/local/bin:/usr/bin:/bin:/usr/sbin:/sbin:/Library/Apple/usr/bin:/opt/homebrew/opt/rbenv/shims:/Users/fukujuumakoto/.rbenv/bin:/opt/homebrew/opt/rbenv/bin:/Library/Frameworks/Python.framework/Versions/3.9/bin:/opt/homebrew/bin:/opt/homebrew/sbin:/Users/fukujuumakoto/Developer/flutter/bin:/Users/fukujuumakoto/Developer/flutter/bin

Yarn version: 
  1.22.11

Node version: 
  16.10.0

Platform: 
  darwin arm64

Trace: 
  SyntaxError: /Users/fukujuumakoto/workspace/python/book_fastapai/package.json: Unexpected end of JSON input
      at JSON.parse (<anonymous>)
      at /opt/homebrew/Cellar/yarn/1.22.11/libexec/lib/cli.js:1625:59
      at Generator.next (<anonymous>)
      at step (/opt/homebrew/Cellar/yarn/1.22.11/libexec/lib/cli.js:310:30)
      at /opt/homebrew/Cellar/yarn/1.22.11/libexec/lib/cli.js:321:13

npm manifest: 
  

yarn manifest: 
  No manifest

Lockfile: 
  # THIS IS AN AUTOGENERATED FILE. DO NOT EDIT THIS FILE DIRECTLY.
  # yarn lockfile v1
